  demo1.0.cpp
demo1.0.obj : error LNK2019: 无法解析的外部符号 "__declspec(dllimport) public: __cdecl sf::String::String(char const *,class std::locale const &)" (__imp_??0String@sf@@QEAA@PEBDAEBVlocale@std@@@Z)，函数 main 中引用了该符号
demo1.0.obj : error LNK2019: 无法解析的外部符号 "__declspec(dllimport) public: __cdecl sf::String::~String(void)" (__imp_??1String@sf@@QEAA@XZ)，函数 main 中引用了该符号
demo1.0.obj : error LNK2019: 无法解析的外部符号 "__declspec(dllimport) public: __cdecl sf::VideoMode::VideoMode(unsigned int,unsigned int,unsigned int)" (__imp_??0VideoMode@sf@@QEAA@III@Z)，函数 main 中引用了该符号
demo1.0.obj : error LNK2019: 无法解析的外部符号 "__declspec(dllimport) public: bool __cdecl sf::WindowBase::isOpen(void)const " (__imp_?isOpen@WindowBase@sf@@QEBA_NXZ)，函数 main 中引用了该符号
demo1.0.obj : error LNK2019: 无法解析的外部符号 "__declspec(dllimport) public: bool __cdecl sf::WindowBase::pollEvent(class sf::Event &)" (__imp_?pollEvent@WindowBase@sf@@QEAA_NAEAVEvent@2@@Z)，函数 main 中引用了该符号
demo1.0.obj : error LNK2019: 无法解析的外部符号 "__declspec(dllimport) public: virtual void __cdecl sf::Window::close(void)" (__imp_?close@Window@sf@@UEAAXXZ)，函数 main 中引用了该符号
demo1.0.obj : error LNK2019: 无法解析的外部符号 "__declspec(dllimport) public: void __cdecl sf::Window::display(void)" (__imp_?display@Window@sf@@QEAAXXZ)，函数 main 中引用了该符号
demo1.0.obj : error LNK2019: 无法解析的外部符号 "__declspec(dllimport) public: __cdecl sf::Color::Color(unsigned char,unsigned char,unsigned char,unsigned char)" (__imp_??0Color@sf@@QEAA@EEEE@Z)，函数 main 中引用了该符号
demo1.0.obj : error LNK2019: 无法解析的外部符号 "__declspec(dllimport) public: void __cdecl sf::Shape::setFillColor(class sf::Color const &)" (__imp_?setFillColor@Shape@sf@@QEAAXAEBVColor@2@@Z)，函数 main 中引用了该符号
demo1.0.obj : error LNK2019: 无法解析的外部符号 "__declspec(dllimport) public: __cdecl sf::CircleShape::CircleShape(float,unsigned __int64)" (__imp_??0CircleShape@sf@@QEAA@M_K@Z)，函数 main 中引用了该符号
demo1.0.obj : error LNK2019: 无法解析的外部符号 "__declspec(dllimport) public: virtual __cdecl sf::CircleShape::~CircleShape(void)" (__imp_??1CircleShape@sf@@UEAA@XZ)，函数 main 中引用了该符号
demo1.0.obj : error LNK2019: 无法解析的外部符号 "__declspec(dllimport) public: void __cdecl sf::RenderTarget::clear(class sf::Color const &)" (__imp_?clear@RenderTarget@sf@@QEAAXAEBVColor@2@@Z)，函数 main 中引用了该符号
demo1.0.obj : error LNK2019: 无法解析的外部符号 "__declspec(dllimport) public: void __cdecl sf::RenderTarget::draw(class sf::Drawable const &,class sf::RenderStates const &)" (__imp_?draw@RenderTarget@sf@@QEAAXAEBVDrawable@2@AEBVRenderStates@2@@Z)，函数 main 中引用了该符号
demo1.0.obj : error LNK2019: 无法解析的外部符号 "__declspec(dllimport) public: __cdecl sf::RenderWindow::RenderWindow(class sf::VideoMode,class sf::String const &,unsigned int,struct sf::ContextSettings const &)" (__imp_??0RenderWindow@sf@@QEAA@VVideoMode@1@AEBVString@1@IAEBUContextSettings@1@@Z)，函数 main 中引用了该符号
demo1.0.obj : error LNK2019: 无法解析的外部符号 "__declspec(dllimport) public: virtual __cdecl sf::RenderWindow::~RenderWindow(void)" (__imp_??1RenderWindow@sf@@UEAA@XZ)，函数 main 中引用了该符号
demo1.0.obj : error LNK2019: 无法解析的外部符号 "__declspec(dllimport) public: static class sf::RenderStates const sf::RenderStates::Default" (__imp_?Default@RenderStates@sf@@2V12@B)，函数 main 中引用了该符号
demo1.0.obj : error LNK2019: 无法解析的外部符号 "__declspec(dllimport) public: static class sf::Color const sf::Color::Green" (__imp_?Green@Color@sf@@2V12@B)，函数 main 中引用了该符号
C:\SFML-2.6.0\lib\sfml-audio-d.lib : warning LNK4272: 库计算机类型“x86”与目标计算机类型“x64”冲突
C:\SFML-2.6.0\lib\sfml-graphics-d.lib : warning LNK4272: 库计算机类型“x86”与目标计算机类型“x64”冲突
C:\SFML-2.6.0\lib\sfml-system-d.lib : warning LNK4272: 库计算机类型“x86”与目标计算机类型“x64”冲突
C:\SFML-2.6.0\lib\sfml-window-d.lib : warning LNK4272: 库计算机类型“x86”与目标计算机类型“x64”冲突
C:\SFML-2.6.0\lib\sfml-network-d.lib : warning LNK4272: 库计算机类型“x86”与目标计算机类型“x64”冲突
C:\Users\史英琦godmin\Desktop\编写程序\游戏实训\demo1\x64\Debug\demo1.exe : fatal error LNK1120: 17 个无法解析的外部命令
