c:\users\史英琦godmin\desktop\编写程序\游戏实训\demo1\debug\vc143.pdb
c:\users\史英琦godmin\desktop\编写程序\游戏实训\demo1\debug\vc143.idb
c:\users\史英琦godmin\desktop\编写程序\游戏实训\demo1\debug\visiblegameobject .obj
c:\users\史英琦godmin\desktop\编写程序\游戏实训\demo1\debug\stdafx.obj
c:\users\史英琦godmin\desktop\编写程序\游戏实训\demo1\debug\splashscreen.obj
c:\users\史英琦godmin\desktop\编写程序\游戏实训\demo1\debug\playerpaddle.obj
c:\users\史英琦godmin\desktop\编写程序\游戏实训\demo1\debug\pang.obj
c:\users\史英琦godmin\desktop\编写程序\游戏实训\demo1\debug\mainmenu .obj
c:\users\史英琦godmin\desktop\编写程序\游戏实训\demo1\debug\gameobjectmanager.obj
c:\users\史英琦godmin\desktop\编写程序\游戏实训\demo1\debug\gameball.obj
c:\users\史英琦godmin\desktop\编写程序\游戏实训\demo1\debug\game.obj
c:\users\史英琦godmin\desktop\编写程序\游戏实训\demo1\debug\demo1.exe
c:\users\史英琦godmin\desktop\编写程序\游戏实训\demo1\debug\demo1.ilk
c:\users\史英琦godmin\desktop\编写程序\游戏实训\demo1\debug\demo1.pdb
c:\users\史英琦godmin\desktop\编写程序\游戏实训\demo1\debug\demo1.tlog\cl.command.1.tlog
c:\users\史英琦godmin\desktop\编写程序\游戏实训\demo1\debug\demo1.tlog\cl.items.tlog
c:\users\史英琦godmin\desktop\编写程序\游戏实训\demo1\debug\demo1.tlog\cl.read.1.tlog
c:\users\史英琦godmin\desktop\编写程序\游戏实训\demo1\debug\demo1.tlog\cl.write.1.tlog
c:\users\史英琦godmin\desktop\编写程序\游戏实训\demo1\debug\demo1.tlog\link.command.1.tlog
c:\users\史英琦godmin\desktop\编写程序\游戏实训\demo1\debug\demo1.tlog\link.read.1.tlog
c:\users\史英琦godmin\desktop\编写程序\游戏实训\demo1\debug\demo1.tlog\link.write.1.tlog
